TN:
SF:src/services/CreateAnswerService.ts
FN:13,(anonymous_14)
FN:14,(anonymous_16)
FNF:2
FNH:2
FNDA:5,(anonymous_14)
FNDA:4,(anonymous_16)
DA:1,1
DA:4,1
DA:5,1
DA:13,1
DA:14,4
DA:15,4
DA:16,4
DA:18,4
DA:19,3
DA:20,2
DA:22,1
DA:24,1
DA:26,1
DA:32,2
DA:34,1
DA:36,1
DA:38,1
LF:17
LH:17
BRDA:18,0,0,1
BRDA:18,0,1,3
BRDA:19,1,0,1
BRDA:19,1,1,2
BRDA:20,2,0,1
BRDA:20,2,1,1
BRDA:24,3,0,0
BRDA:24,3,1,1
BRF:8
BRH:7
end_of_record
TN:
SF:src/services/CreateQuestionService.ts
FN:11,(anonymous_14)
FN:12,(anonymous_16)
FNF:2
FNH:2
FNDA:6,(anonymous_14)
FNDA:4,(anonymous_16)
DA:1,2
DA:3,2
DA:4,2
DA:11,2
DA:12,4
DA:13,4
DA:15,4
DA:16,3
DA:18,2
DA:20,2
DA:21,4
DA:23,0
DA:26,2
DA:28,2
DA:30,2
LF:15
LH:14
BRDA:26,0,0,2
BRDA:15,1,0,1
BRDA:15,1,1,3
BRDA:16,2,0,1
BRDA:16,2,1,2
BRF:5
BRH:5
end_of_record
